4/29/2015 1:51:39 PM	This log contains information about the import schema operation into project 'Javier Pimente Comp 440' on computer 'JAVI' by user 'javier'.
4/29/2015 1:51:39 PM	Import of database schema has started.
4/29/2015 1:51:41 PM	Gathering database options
4/29/2015 1:51:41 PM	Gathering users
4/29/2015 1:51:41 PM	Gathering roles
4/29/2015 1:51:41 PM	Gathering application roles
4/29/2015 1:51:41 PM	Gathering role memberships
4/29/2015 1:51:41 PM	Gathering filegroups
4/29/2015 1:51:41 PM	Gathering full-text catalogs
4/29/2015 1:51:41 PM	Gathering assemblies
4/29/2015 1:51:41 PM	Gathering certificates
4/29/2015 1:51:41 PM	Gathering asymmetric keys
4/29/2015 1:51:41 PM	Gathering symmetric keys
4/29/2015 1:51:41 PM	Gathering encrypted symmetric keys
4/29/2015 1:51:41 PM	Gathering schemas
4/29/2015 1:51:41 PM	Gathering XML schema collections
4/29/2015 1:51:41 PM	Gathering user-defined data types
4/29/2015 1:51:41 PM	Gathering user-defined types
4/29/2015 1:51:41 PM	Gathering table types
4/29/2015 1:51:41 PM	Gathering unique keys for table types
4/29/2015 1:51:41 PM	Gathering primary keys for table types
4/29/2015 1:51:41 PM	Gathering check constraints for table types
4/29/2015 1:51:41 PM	Gathering default constraints for table types
4/29/2015 1:51:41 PM	Gathering partition functions
4/29/2015 1:51:41 PM	Gathering partition schemes
4/29/2015 1:51:41 PM	Gathering functions
4/29/2015 1:51:41 PM	Gathering encrypted functions
4/29/2015 1:51:41 PM	Gathering aggregates
4/29/2015 1:51:41 PM	Gathering procedures
4/29/2015 1:51:41 PM	Gathering encrypted procedures
4/29/2015 1:51:41 PM	Gathering tables
4/29/2015 1:51:41 PM	Gathering primary keys
4/29/2015 1:51:41 PM	Gathering unique constraints
4/29/2015 1:51:41 PM	Gathering foreign keys
4/29/2015 1:51:41 PM	Gathering default constraints
4/29/2015 1:51:41 PM	Gathering check constraints
4/29/2015 1:51:41 PM	Gathering views
4/29/2015 1:51:41 PM	Gathering encrypted views
4/29/2015 1:51:41 PM	Gathering indexes
4/29/2015 1:51:41 PM	Gathering statistics
4/29/2015 1:51:41 PM	Gathering full-text index stoplists
4/29/2015 1:51:41 PM	Gathering search property lists
4/29/2015 1:51:41 PM	Gathering search properties
4/29/2015 1:51:41 PM	Gathering full-text indexes
4/29/2015 1:51:41 PM	Gathering column store indexes
4/29/2015 1:51:41 PM	Gathering spatial indexes
4/29/2015 1:51:41 PM	Gathering XML indexes
4/29/2015 1:51:41 PM	Gathering Selective XML indexes
4/29/2015 1:51:41 PM	Gathering encrypted triggers
4/29/2015 1:51:41 PM	Gathering triggers
4/29/2015 1:51:41 PM	Gathering encrypted and clr ddl triggers
4/29/2015 1:51:41 PM	Gathering ddl triggers
4/29/2015 1:51:41 PM	Gathering synonyms
4/29/2015 1:51:41 PM	Gathering defaults
4/29/2015 1:51:41 PM	Gathering data constraint uddt bindings
4/29/2015 1:51:41 PM	Gathering rules
4/29/2015 1:51:41 PM	Gathering data constraint uddt bindings
4/29/2015 1:51:41 PM	Gathering message types
4/29/2015 1:51:41 PM	Gathering queues
4/29/2015 1:51:41 PM	Gathering contracts
4/29/2015 1:51:41 PM	Gathering services
4/29/2015 1:51:41 PM	Gathering event notifications
4/29/2015 1:51:41 PM	Gathering remote service bindings
4/29/2015 1:51:41 PM	Gathering broker priorities
4/29/2015 1:51:41 PM	Gathering signatures
4/29/2015 1:51:41 PM	Gathering data compression options
4/29/2015 1:51:41 PM	Gathering sequence types
4/29/2015 1:51:41 PM	Gathering extended properties
4/29/2015 1:51:41 PM	Gathering credentials
4/29/2015 1:51:41 PM	Gathering logins
4/29/2015 1:51:41 PM	Gathering server audits
4/29/2015 1:51:42 PM	Scanning project for duplicate elements
4/29/2015 1:51:42 PM	Finished duplicate element processing
4/29/2015 1:51:42 PM	Finished importing database.
4/29/2015 1:51:42 PM	A summary of the import was saved to the following location: c:\users\javier\documents\visual studio 2013\Projects\Javier Pimente Comp 440\Javier Pimente Comp 440\Import Schema Logs\Javier Pimente Comp _20150429085139.log
4/29/2015 1:51:42 PM	Click Finish to continue...
